UNConnect/MAD_Project/ParseStarterProject/build/outputs/logs/manifest-merger-debug-report.txt
-- Merging decision tree log ---
manifest
ADDED from src\main\AndroidManifest.xml:10:1-82:12
	package
		ADDED from src\main\AndroidManifest.xml:11:5-32
		INJECTED from src\main\AndroidManifest.xml
		INJECTED from src\main\AndroidManifest.xml
	android:versionName
		INJECTED from src\main\AndroidManifest.xml
		INJECTED from src\main\AndroidManifest.xml
	xmlns:android
		ADDED from src\main\AndroidManifest.xml:10:11-69
	android:versionCode
		INJECTED from src\main\AndroidManifest.xml
		INJECTED from src\main\AndroidManifest.xml
uses-permission#android.permission.INTERNET
ADDED from src\main\AndroidManifest.xml:13:5-67
	android:name
		ADDED from src\main\AndroidManifest.xml:13:22-64
uses-permission#android.permission.ACCESS_NETWORK_STATE
ADDED from src\main\AndroidManifest.xml:14:5-79
	android:name
		ADDED from src\main\AndroidManifest.xml:14:22-76
uses-permission#android.permission.WAKE_LOCK
ADDED from src\main\AndroidManifest.xml:15:5-68
	android:name
		ADDED from src\main\AndroidManifest.xml:15:22-65
uses-permission#android.permission.VIBRATE
ADDED from src\main\AndroidManifest.xml:16:5-66
	android:name
		ADDED from src\main\AndroidManifest.xml:16:22-63
uses-permission#android.permission.GET_ACCOUNTS
ADDED from src\main\AndroidManifest.xml:17:5-71
	android:name
		ADDED from src\main\AndroidManifest.xml:17:22-68
uses-permission#com.google.android.c2dm.permission.RECEIVE
ADDED from src\main\AndroidManifest.xml:18:5-82
	android:name
		ADDED from src\main\AndroidManifest.xml:18:22-79
permission#com.parse.starter.permission.C2D_MESSAGE
ADDED from src\main\AndroidManifest.xml:24:5-25:67
	android:protectionLevel
		ADDED from src\main\AndroidManifest.xml:24:17-52
	android:name
		ADDED from src\main\AndroidManifest.xml:25:9-64
uses-permission#com.parse.starter.permission.C2D_MESSAGE
ADDED from src\main\AndroidManifest.xml:26:5-80
	android:name
		ADDED from src\main\AndroidManifest.xml:26:22-77
application
ADDED from src\main\AndroidManifest.xml:27:5-80:19
MERGED from [com.android.support:appcompat-v7:23.1.0] AndroidManifest.xml:22:5-20
MERGED from [com.android.support:support-v4:23.1.0] AndroidManifest.xml:22:5-20
MERGED from [com.facebook.android:facebook-android-sdk:4.6.0] AndroidManifest.xml:28:5-20
MERGED from [com.android.support:support-v4:23.1.0] AndroidManifest.xml:22:5-20
MERGED from [com.parse:parsefacebookutils-v4-android:1.10.3] AndroidManifest.xml:20:5-20
	android:label
		ADDED from src\main\AndroidManifest.xml:31:9-41
	android:allowBackup
		ADDED from src\main\AndroidManifest.xml:29:9-35
	android:icon
		ADDED from src\main\AndroidManifest.xml:30:9-43
	android:theme
		ADDED from src\main\AndroidManifest.xml:32:9-40
	android:name
		ADDED from src\main\AndroidManifest.xml:28:9-43
meta-data#com.facebook.sdk.ApplicationId
ADDED from src\main\AndroidManifest.xml:33:9-35:55
	android:value
		ADDED from src\main\AndroidManifest.xml:35:13-52
	android:name
		ADDED from src\main\AndroidManifest.xml:34:13-58
meta-data#com.parse.APPLICATION_ID
ADDED from src\main\AndroidManifest.xml:36:9-38:52
	android:value
		ADDED from src\main\AndroidManifest.xml:38:13-49
	android:name
		ADDED from src\main\AndroidManifest.xml:37:13-52
meta-data#com.parse.CLIENT_KEY
ADDED from src\main\AndroidManifest.xml:39:9-41:56
	android:value
		ADDED from src\main\AndroidManifest.xml:41:13-53
	android:name
		ADDED from src\main\AndroidManifest.xml:40:13-48
service#com.parse.PushService
ADDED from src\main\AndroidManifest.xml:42:9-57
	android:name
		ADDED from src\main\AndroidManifest.xml:42:18-54
receiver#com.parse.ParsePushBroadcastReceiver
ADDED from src\main\AndroidManifest.xml:43:9-50:20
	android:exported
		ADDED from src\main\AndroidManifest.xml:44:13-37
	android:name
		ADDED from src\main\AndroidManifest.xml:43:19-70
intent-filter#com.parse.push.intent.DELETE+com.parse.push.intent.OPEN+com.parse.push.intent.RECEIVE
ADDED from src\main\AndroidManifest.xml:45:13-49:29
action#com.parse.push.intent.RECEIVE
ADDED from src\main\AndroidManifest.xml:46:17-72
	android:name
		ADDED from src\main\AndroidManifest.xml:46:25-69
action#com.parse.push.intent.DELETE
ADDED from src\main\AndroidManifest.xml:47:17-71
	android:name
		ADDED from src\main\AndroidManifest.xml:47:25-68
action#com.parse.push.intent.OPEN
ADDED from src\main\AndroidManifest.xml:48:17-69
	android:name
		ADDED from src\main\AndroidManifest.xml:48:25-66
receiver#com.parse.GcmBroadcastReceiver
ADDED from src\main\AndroidManifest.xml:51:9-62:20
	android:permission
		ADDED from src\main\AndroidManifest.xml:52:13-73
	android:name
		ADDED from src\main\AndroidManifest.xml:51:19-64
intent-filter#com.google.android.c2dm.intent.RECEIVE+com.google.android.c2dm.intent.REGISTRATION+com.parse.starter
ADDED from src\main\AndroidManifest.xml:53:13-61:29
action#com.google.android.c2dm.intent.RECEIVE
ADDED from src\main\AndroidManifest.xml:54:17-81
	android:name
		ADDED from src\main\AndroidManifest.xml:54:25-78
action#com.google.android.c2dm.intent.REGISTRATION
ADDED from src\main\AndroidManifest.xml:55:17-86
	android:name
		ADDED from src\main\AndroidManifest.xml:55:25-83
category#com.parse.starter
ADDED from src\main\AndroidManifest.xml:60:17-62
	android:name
		ADDED from src\main\AndroidManifest.xml:60:27-59
meta-data#com.parse.push.notification_icon
ADDED from src\main\AndroidManifest.xml:63:9-65:54
	android:resource
		ADDED from src\main\AndroidManifest.xml:65:13-51
	android:name
		ADDED from src\main\AndroidManifest.xml:64:13-60
activity#com.facebook.FacebookActivity
ADDED from src\main\AndroidManifest.xml:66:9-70:75
	android:label
		ADDED from src\main\AndroidManifest.xml:69:13-45
	android:configChanges
		ADDED from src\main\AndroidManifest.xml:68:13-96
	android:theme
		ADDED from src\main\AndroidManifest.xml:70:13-72
	android:name
		ADDED from src\main\AndroidManifest.xml:67:13-57
activity#com.parse.starter.MainActivity
ADDED from src\main\AndroidManifest.xml:71:9-79:20
	android:label
		ADDED from src\main\AndroidManifest.xml:73:13-45
	android:name
		ADDED from src\main\AndroidManifest.xml:72:13-41
intent-filter#android.intent.action.MAIN+android.intent.category.LAUNCHER
ADDED from src\main\AndroidManifest.xml:74:13-78:29
action#android.intent.action.MAIN
ADDED from src\main\AndroidManifest.xml:75:17-69
	android:name
		ADDED from src\main\AndroidManifest.xml:75:25-66
category#android.intent.category.LAUNCHER
ADDED from src\main\AndroidManifest.xml:77:17-77
	android:name
		ADDED from src\main\AndroidManifest.xml:77:27-74
uses-sdk
INJECTED from src\main\AndroidManifest.xml reason: use-sdk injection requested
MERGED from [com.android.support:appcompat-v7:23.1.0] AndroidManifest.xml:20:5-43
MERGED from [com.android.support:support-v4:23.1.0] AndroidManifest.xml:20:5-43
MERGED from [com.facebook.android:facebook-android-sdk:4.6.0] AndroidManifest.xml:24:5-26:41
MERGED from [com.android.support:support-v4:23.1.0] AndroidManifest.xml:20:5-43
MERGED from [com.parse:parsefacebookutils-v4-android:1.10.3] AndroidManifest.xml:16:5-18:41
	android:targetSdkVersion
		INJECTED from src\main\AndroidManifest.xml
		INJECTED from src\main\AndroidManifest.xml
	android:minSdkVersion
		INJECTED from src\main\AndroidManifest.xml
		INJECTED from src\main\AndroidManifest.xml